2016-03-18 09:54:41 606 INFO  [main] [DefaultTestContextBootstrapper:256] Loaded default TestExecutionListener class names from location [META-INF/spring.factories]: [org.springframework.test.context.web.ServletTestExecutionListener, org.springframework.test.context.support.DependencyInjectionTestExecutionListener, org.springframework.test.context.support.DirtiesContextTestExecutionListener, org.springframework.test.context.transaction.TransactionalTestExecutionListener, org.springframework.test.context.jdbc.SqlScriptsTestExecutionListener]
2016-03-18 09:54:41 648 INFO  [main] [DefaultTestContextBootstrapper:204] Could not instantiate TestExecutionListener [org.springframework.test.context.web.ServletTestExecutionListener]. Specify custom listener classes or make the default listener classes (and their required dependencies) available. Offending class: [javax/servlet/ServletContext]
2016-03-18 09:54:41 653 INFO  [main] [DefaultTestContextBootstrapper:182] Using TestExecutionListeners: [org.springframework.test.context.support.DependencyInjectionTestExecutionListener@1ffe63b9, org.springframework.test.context.support.DirtiesContextTestExecutionListener@51e5fc98, org.springframework.test.context.transaction.TransactionalTestExecutionListener@7c469c48, org.springframework.test.context.jdbc.SqlScriptsTestExecutionListener@12e61fe6]
2016-03-18 09:54:41 861 INFO  [main] [XmlBeanDefinitionReader:317] Loading XML bean definitions from file [/Users/kwang89/git/Test/honlly-mybatis-parent/honlly-mybatis/target/classes/spring/basic-spring.xml]
2016-03-18 09:54:42 134 INFO  [main] [XmlBeanDefinitionReader:317] Loading XML bean definitions from file [/Users/kwang89/git/Test/honlly-mybatis-parent/honlly-mybatis/target/classes/spring/mybatis-spring.xml]
2016-03-18 09:54:42 246 INFO  [main] [GenericApplicationContext:510] Refreshing org.springframework.context.support.GenericApplicationContext@481a996b: startup date [Fri Mar 18 09:54:42 CST 2016]; root of context hierarchy
2016-03-18 09:54:42 381 INFO  [main] [PropertySourcesPlaceholderConfigurer:172] Loading properties file from class path resource [mybatis.properties]
2016-03-18 09:54:44 356 DEBUG [main] [OracleSimpleSqlBuilder:55] INSERT INTO CUST_MESSAGE_WAIT_SEND(total_phone_number, mobile_phones, accept_time, checked, remark, source, id, send_num, content, status) VALUES(#{totalPhoneNumber,jdbcType=NUMERIC}, #{mobilePhones,jdbcType=VARCHAR}, #{acceptTime,jdbcType=DATE}, #{checked,jdbcType=NUMERIC}, #{remark,jdbcType=VARCHAR}, #{source,jdbcType=VARCHAR}, SEQ_CUST_MESSAGE_WAIT_SEND.NEXTVAL,#{sendNum,jdbcType=NUMERIC}, #{content,jdbcType=VARCHAR}, #{status,jdbcType=NUMERIC})
2016-03-18 09:54:44 610 DEBUG [main] [save:142] ==>  Preparing: INSERT INTO CUST_MESSAGE_WAIT_SEND(total_phone_number, mobile_phones, accept_time, checked, remark, source, id, send_num, content, status) VALUES(?, ?, ?, ?, ?, ?, SEQ_CUST_MESSAGE_WAIT_SEND.NEXTVAL,?, ?, ?) 
2016-03-18 09:54:44 856 DEBUG [main] [save:142] ==> Parameters: 1(BigDecimal), 13646874892(String), 2016-03-18(Date), 1(BigDecimal), 备注(String), 110(String), 1(BigDecimal), 哈哈,测试,傻白甜！！！(String), 1(BigDecimal)
2016-03-18 09:54:44 882 DEBUG [main] [save:142] <==    Updates: 1
2016-03-18 09:54:44 893 INFO  [Thread-1] [GenericApplicationContext:862] Closing org.springframework.context.support.GenericApplicationContext@481a996b: startup date [Fri Mar 18 09:54:42 CST 2016]; root of context hierarchy
2016-03-18 09:57:22 319 INFO  [main] [DefaultTestContextBootstrapper:256] Loaded default TestExecutionListener class names from location [META-INF/spring.factories]: [org.springframework.test.context.web.ServletTestExecutionListener, org.springframework.test.context.support.DependencyInjectionTestExecutionListener, org.springframework.test.context.support.DirtiesContextTestExecutionListener, org.springframework.test.context.transaction.TransactionalTestExecutionListener, org.springframework.test.context.jdbc.SqlScriptsTestExecutionListener]
2016-03-18 09:57:22 331 INFO  [main] [DefaultTestContextBootstrapper:204] Could not instantiate TestExecutionListener [org.springframework.test.context.web.ServletTestExecutionListener]. Specify custom listener classes or make the default listener classes (and their required dependencies) available. Offending class: [javax/servlet/ServletContext]
2016-03-18 09:57:22 349 INFO  [main] [DefaultTestContextBootstrapper:182] Using TestExecutionListeners: [org.springframework.test.context.support.DependencyInjectionTestExecutionListener@5dd6264, org.springframework.test.context.support.DirtiesContextTestExecutionListener@1ffe63b9, org.springframework.test.context.transaction.TransactionalTestExecutionListener@51e5fc98, org.springframework.test.context.jdbc.SqlScriptsTestExecutionListener@7c469c48]
2016-03-18 09:57:22 546 INFO  [main] [XmlBeanDefinitionReader:317] Loading XML bean definitions from file [/Users/kwang89/git/Test/honlly-mybatis-parent/honlly-mybatis/target/classes/spring/basic-spring.xml]
2016-03-18 09:57:22 781 INFO  [main] [XmlBeanDefinitionReader:317] Loading XML bean definitions from file [/Users/kwang89/git/Test/honlly-mybatis-parent/honlly-mybatis/target/classes/spring/mybatis-spring.xml]
2016-03-18 09:57:22 875 INFO  [main] [GenericApplicationContext:510] Refreshing org.springframework.context.support.GenericApplicationContext@27ce24aa: startup date [Fri Mar 18 09:57:22 CST 2016]; root of context hierarchy
2016-03-18 09:57:22 984 INFO  [main] [PropertySourcesPlaceholderConfigurer:172] Loading properties file from class path resource [mybatis.properties]
2016-03-18 09:57:24 577 DEBUG [main] [OracleSimpleSqlBuilder:55] INSERT INTO CUST_MESSAGE_WAIT_SEND(total_phone_number, mobile_phones, accept_time, checked, remark, source, id, send_num, content, status) VALUES(#{totalPhoneNumber,jdbcType=NUMERIC}, #{mobilePhones,jdbcType=VARCHAR}, #{acceptTime,jdbcType=DATE}, #{checked,jdbcType=NUMERIC}, #{remark,jdbcType=VARCHAR}, #{source,jdbcType=VARCHAR}, SEQ_CUST_MESSAGE_WAIT_SEND.NEXTVAL,#{sendNum,jdbcType=NUMERIC}, #{content,jdbcType=VARCHAR}, #{status,jdbcType=NUMERIC})
2016-03-18 09:57:24 660 DEBUG [main] [save:142] ==>  Preparing: INSERT INTO CUST_MESSAGE_WAIT_SEND(total_phone_number, mobile_phones, accept_time, checked, remark, source, id, send_num, content, status) VALUES(?, ?, ?, ?, ?, ?, SEQ_CUST_MESSAGE_WAIT_SEND.NEXTVAL,?, ?, ?) 
2016-03-18 09:57:24 909 DEBUG [main] [save:142] ==> Parameters: 1(BigDecimal), 13646874892(String), 2016-03-18(Date), 1(BigDecimal), 备注(String), 110(String), 1(BigDecimal), 哈哈,测试,傻白甜！！！(String), 1(BigDecimal)
2016-03-18 09:57:24 921 DEBUG [main] [save:142] <==    Updates: 1
2016-03-18 09:57:24 930 INFO  [Thread-1] [GenericApplicationContext:862] Closing org.springframework.context.support.GenericApplicationContext@27ce24aa: startup date [Fri Mar 18 09:57:22 CST 2016]; root of context hierarchy
2016-03-18 14:28:15 339 INFO  [main] [DefaultTestContextBootstrapper:256] Loaded default TestExecutionListener class names from location [META-INF/spring.factories]: [org.springframework.test.context.web.ServletTestExecutionListener, org.springframework.test.context.support.DependencyInjectionTestExecutionListener, org.springframework.test.context.support.DirtiesContextTestExecutionListener, org.springframework.test.context.transaction.TransactionalTestExecutionListener, org.springframework.test.context.jdbc.SqlScriptsTestExecutionListener]
2016-03-18 14:28:15 368 INFO  [main] [DefaultTestContextBootstrapper:204] Could not instantiate TestExecutionListener [org.springframework.test.context.web.ServletTestExecutionListener]. Specify custom listener classes or make the default listener classes (and their required dependencies) available. Offending class: [javax/servlet/ServletContext]
2016-03-18 14:28:15 394 INFO  [main] [DefaultTestContextBootstrapper:182] Using TestExecutionListeners: [org.springframework.test.context.support.DependencyInjectionTestExecutionListener@5dd6264, org.springframework.test.context.support.DirtiesContextTestExecutionListener@1ffe63b9, org.springframework.test.context.transaction.TransactionalTestExecutionListener@51e5fc98, org.springframework.test.context.jdbc.SqlScriptsTestExecutionListener@7c469c48]
2016-03-18 14:28:15 643 INFO  [main] [XmlBeanDefinitionReader:317] Loading XML bean definitions from file [/Users/kwang89/git/Test/honlly-mybatis-parent/honlly-mybatis/target/classes/spring/basic-spring.xml]
2016-03-18 14:28:16 009 INFO  [main] [XmlBeanDefinitionReader:317] Loading XML bean definitions from file [/Users/kwang89/git/Test/honlly-mybatis-parent/honlly-mybatis/target/classes/spring/mybatis-spring.xml]
2016-03-18 14:28:16 170 INFO  [main] [GenericApplicationContext:510] Refreshing org.springframework.context.support.GenericApplicationContext@27ce24aa: startup date [Fri Mar 18 14:28:16 CST 2016]; root of context hierarchy
2016-03-18 14:28:16 309 INFO  [main] [PropertySourcesPlaceholderConfigurer:172] Loading properties file from class path resource [mybatis.properties]
2016-03-18 14:28:17 004 WARN  [main] [GenericApplicationContext:487] Exception encountered during context initialization - cancelling refresh attempt
org.springframework.beans.factory.BeanCreationException: Error creating bean with name 'backIDInterceptor' defined in file [/Users/kwang89/git/Test/honlly-mybatis-parent/honlly-mybatis/target/classes/spring/mybatis-spring.xml]: Error setting property values; nested exception is org.springframework.beans.NotWritablePropertyException: Invalid property 'sqlSessionFactory' of bean class [com.honlly.mybatis.interceptor.BackIDInterceptor]: Bean property 'sqlSessionFactory' is not writable or has an invalid setter method. Does the parameter type of the setter match the return type of the getter?
	at org.springframework.beans.factory.support.AbstractAutowireCapableBeanFactory.applyPropertyValues(AbstractAutowireCapableBeanFactory.java:1514)
	at org.springframework.beans.factory.support.AbstractAutowireCapableBeanFactory.populateBean(AbstractAutowireCapableBeanFactory.java:1222)
	at org.springframework.beans.factory.support.AbstractAutowireCapableBeanFactory.doCreateBean(AbstractAutowireCapableBeanFactory.java:537)
	at org.springframework.beans.factory.support.AbstractAutowireCapableBeanFactory.createBean(AbstractAutowireCapableBeanFactory.java:476)
	at org.springframework.beans.factory.support.AbstractBeanFactory$1.getObject(AbstractBeanFactory.java:303)
	at org.springframework.beans.factory.support.DefaultSingletonBeanRegistry.getSingleton(DefaultSingletonBeanRegistry.java:230)
	at org.springframework.beans.factory.support.AbstractBeanFactory.doGetBean(AbstractBeanFactory.java:299)
	at org.springframework.beans.factory.support.AbstractBeanFactory.getBean(AbstractBeanFactory.java:194)
	at org.springframework.beans.factory.support.DefaultListableBeanFactory.preInstantiateSingletons(DefaultListableBeanFactory.java:755)
	at org.springframework.context.support.AbstractApplicationContext.finishBeanFactoryInitialization(AbstractApplicationContext.java:757)
	at org.springframework.context.support.AbstractApplicationContext.refresh(AbstractApplicationContext.java:480)
	at org.springframework.test.context.support.AbstractGenericContextLoader.loadContext(AbstractGenericContextLoader.java:125)
	at org.springframework.test.context.support.AbstractGenericContextLoader.loadContext(AbstractGenericContextLoader.java:60)
	at org.springframework.test.context.support.AbstractDelegatingSmartContextLoader.delegateLoading(AbstractDelegatingSmartContextLoader.java:109)
	at org.springframework.test.context.support.AbstractDelegatingSmartContextLoader.loadContext(AbstractDelegatingSmartContextLoader.java:261)
	at org.springframework.test.context.DefaultCacheAwareContextLoaderDelegate.loadContextInternal(DefaultCacheAwareContextLoaderDelegate.java:68)
	at org.springframework.test.context.DefaultCacheAwareContextLoaderDelegate.loadContext(DefaultCacheAwareContextLoaderDelegate.java:86)
	at org.springframework.test.context.DefaultTestContext.getApplicationContext(DefaultTestContext.java:72)
	at org.springframework.test.context.support.DependencyInjectionTestExecutionListener.injectDependencies(DependencyInjectionTestExecutionListener.java:117)
	at org.springframework.test.context.support.DependencyInjectionTestExecutionListener.prepareTestInstance(DependencyInjectionTestExecutionListener.java:83)
	at org.springframework.test.context.TestContextManager.prepareTestInstance(TestContextManager.java:212)
	at org.springframework.test.context.junit4.SpringJUnit4ClassRunner.createTest(SpringJUnit4ClassRunner.java:200)
	at org.springframework.test.context.junit4.SpringJUnit4ClassRunner$1.runReflectiveCall(SpringJUnit4ClassRunner.java:259)
	at org.junit.internal.runners.model.ReflectiveCallable.run(ReflectiveCallable.java:12)
	at org.springframework.test.context.junit4.SpringJUnit4ClassRunner.methodBlock(SpringJUnit4ClassRunner.java:261)
	at org.springframework.test.context.junit4.SpringJUnit4ClassRunner.runChild(SpringJUnit4ClassRunner.java:219)
	at org.springframework.test.context.junit4.SpringJUnit4ClassRunner.runChild(SpringJUnit4ClassRunner.java:83)
	at org.junit.runners.ParentRunner$3.run(ParentRunner.java:290)
	at org.junit.runners.ParentRunner$1.schedule(ParentRunner.java:71)
	at org.junit.runners.ParentRunner.runChildren(ParentRunner.java:288)
	at org.junit.runners.ParentRunner.access$000(ParentRunner.java:58)
	at org.junit.runners.ParentRunner$2.evaluate(ParentRunner.java:268)
	at org.springframework.test.context.junit4.statements.RunBeforeTestClassCallbacks.evaluate(RunBeforeTestClassCallbacks.java:61)
	at org.springframework.test.context.junit4.statements.RunAfterTestClassCallbacks.evaluate(RunAfterTestClassCallbacks.java:68)
	at org.junit.runners.ParentRunner.run(ParentRunner.java:363)
	at org.springframework.test.context.junit4.SpringJUnit4ClassRunner.run(SpringJUnit4ClassRunner.java:163)
	at org.eclipse.jdt.internal.junit4.runner.JUnit4TestReference.run(JUnit4TestReference.java:86)
	at org.eclipse.jdt.internal.junit.runner.TestExecution.run(TestExecution.java:38)
	at org.eclipse.jdt.internal.junit.runner.RemoteTestRunner.runTests(RemoteTestRunner.java:459)
	at org.eclipse.jdt.internal.junit.runner.RemoteTestRunner.runTests(RemoteTestRunner.java:675)
	at org.eclipse.jdt.internal.junit.runner.RemoteTestRunner.run(RemoteTestRunner.java:382)
	at org.eclipse.jdt.internal.junit.runner.RemoteTestRunner.main(RemoteTestRunner.java:192)
Caused by: org.springframework.beans.NotWritablePropertyException: Invalid property 'sqlSessionFactory' of bean class [com.honlly.mybatis.interceptor.BackIDInterceptor]: Bean property 'sqlSessionFactory' is not writable or has an invalid setter method. Does the parameter type of the setter match the return type of the getter?
	at org.springframework.beans.BeanWrapperImpl.setPropertyValue(BeanWrapperImpl.java:1076)
	at org.springframework.beans.BeanWrapperImpl.setPropertyValue(BeanWrapperImpl.java:927)
	at org.springframework.beans.AbstractPropertyAccessor.setPropertyValues(AbstractPropertyAccessor.java:95)
	at org.springframework.beans.AbstractPropertyAccessor.setPropertyValues(AbstractPropertyAccessor.java:75)
	at org.springframework.beans.factory.support.AbstractAutowireCapableBeanFactory.applyPropertyValues(AbstractAutowireCapableBeanFactory.java:1510)
	... 41 more
2016-03-18 14:28:17 010 ERROR [main] [TestContextManager:215] Caught exception while allowing TestExecutionListener [org.springframework.test.context.support.DependencyInjectionTestExecutionListener@5dd6264] to prepare test instance [com.honlly.MessageWaitSendTest@5aabbb29]
java.lang.IllegalStateException: Failed to load ApplicationContext
	at org.springframework.test.context.DefaultCacheAwareContextLoaderDelegate.loadContext(DefaultCacheAwareContextLoaderDelegate.java:94)
	at org.springframework.test.context.DefaultTestContext.getApplicationContext(DefaultTestContext.java:72)
	at org.springframework.test.context.support.DependencyInjectionTestExecutionListener.injectDependencies(DependencyInjectionTestExecutionListener.java:117)
	at org.springframework.test.context.support.DependencyInjectionTestExecutionListener.prepareTestInstance(DependencyInjectionTestExecutionListener.java:83)
	at org.springframework.test.context.TestContextManager.prepareTestInstance(TestContextManager.java:212)
	at org.springframework.test.context.junit4.SpringJUnit4ClassRunner.createTest(SpringJUnit4ClassRunner.java:200)
	at org.springframework.test.context.junit4.SpringJUnit4ClassRunner$1.runReflectiveCall(SpringJUnit4ClassRunner.java:259)
	at org.junit.internal.runners.model.ReflectiveCallable.run(ReflectiveCallable.java:12)
	at org.springframework.test.context.junit4.SpringJUnit4ClassRunner.methodBlock(SpringJUnit4ClassRunner.java:261)
	at org.springframework.test.context.junit4.SpringJUnit4ClassRunner.runChild(SpringJUnit4ClassRunner.java:219)
	at org.springframework.test.context.junit4.SpringJUnit4ClassRunner.runChild(SpringJUnit4ClassRunner.java:83)
	at org.junit.runners.ParentRunner$3.run(ParentRunner.java:290)
	at org.junit.runners.ParentRunner$1.schedule(ParentRunner.java:71)
	at org.junit.runners.ParentRunner.runChildren(ParentRunner.java:288)
	at org.junit.runners.ParentRunner.access$000(ParentRunner.java:58)
	at org.junit.runners.ParentRunner$2.evaluate(ParentRunner.java:268)
	at org.springframework.test.context.junit4.statements.RunBeforeTestClassCallbacks.evaluate(RunBeforeTestClassCallbacks.java:61)
	at org.springframework.test.context.junit4.statements.RunAfterTestClassCallbacks.evaluate(RunAfterTestClassCallbacks.java:68)
	at org.junit.runners.ParentRunner.run(ParentRunner.java:363)
	at org.springframework.test.context.junit4.SpringJUnit4ClassRunner.run(SpringJUnit4ClassRunner.java:163)
	at org.eclipse.jdt.internal.junit4.runner.JUnit4TestReference.run(JUnit4TestReference.java:86)
	at org.eclipse.jdt.internal.junit.runner.TestExecution.run(TestExecution.java:38)
	at org.eclipse.jdt.internal.junit.runner.RemoteTestRunner.runTests(RemoteTestRunner.java:459)
	at org.eclipse.jdt.internal.junit.runner.RemoteTestRunner.runTests(RemoteTestRunner.java:675)
	at org.eclipse.jdt.internal.junit.runner.RemoteTestRunner.run(RemoteTestRunner.java:382)
	at org.eclipse.jdt.internal.junit.runner.RemoteTestRunner.main(RemoteTestRunner.java:192)
Caused by: org.springframework.beans.factory.BeanCreationException: Error creating bean with name 'backIDInterceptor' defined in file [/Users/kwang89/git/Test/honlly-mybatis-parent/honlly-mybatis/target/classes/spring/mybatis-spring.xml]: Error setting property values; nested exception is org.springframework.beans.NotWritablePropertyException: Invalid property 'sqlSessionFactory' of bean class [com.honlly.mybatis.interceptor.BackIDInterceptor]: Bean property 'sqlSessionFactory' is not writable or has an invalid setter method. Does the parameter type of the setter match the return type of the getter?
	at org.springframework.beans.factory.support.AbstractAutowireCapableBeanFactory.applyPropertyValues(AbstractAutowireCapableBeanFactory.java:1514)
	at org.springframework.beans.factory.support.AbstractAutowireCapableBeanFactory.populateBean(AbstractAutowireCapableBeanFactory.java:1222)
	at org.springframework.beans.factory.support.AbstractAutowireCapableBeanFactory.doCreateBean(AbstractAutowireCapableBeanFactory.java:537)
	at org.springframework.beans.factory.support.AbstractAutowireCapableBeanFactory.createBean(AbstractAutowireCapableBeanFactory.java:476)
	at org.springframework.beans.factory.support.AbstractBeanFactory$1.getObject(AbstractBeanFactory.java:303)
	at org.springframework.beans.factory.support.DefaultSingletonBeanRegistry.getSingleton(DefaultSingletonBeanRegistry.java:230)
	at org.springframework.beans.factory.support.AbstractBeanFactory.doGetBean(AbstractBeanFactory.java:299)
	at org.springframework.beans.factory.support.AbstractBeanFactory.getBean(AbstractBeanFactory.java:194)
	at org.springframework.beans.factory.support.DefaultListableBeanFactory.preInstantiateSingletons(DefaultListableBeanFactory.java:755)
	at org.springframework.context.support.AbstractApplicationContext.finishBeanFactoryInitialization(AbstractApplicationContext.java:757)
	at org.springframework.context.support.AbstractApplicationContext.refresh(AbstractApplicationContext.java:480)
	at org.springframework.test.context.support.AbstractGenericContextLoader.loadContext(AbstractGenericContextLoader.java:125)
	at org.springframework.test.context.support.AbstractGenericContextLoader.loadContext(AbstractGenericContextLoader.java:60)
	at org.springframework.test.context.support.AbstractDelegatingSmartContextLoader.delegateLoading(AbstractDelegatingSmartContextLoader.java:109)
	at org.springframework.test.context.support.AbstractDelegatingSmartContextLoader.loadContext(AbstractDelegatingSmartContextLoader.java:261)
	at org.springframework.test.context.DefaultCacheAwareContextLoaderDelegate.loadContextInternal(DefaultCacheAwareContextLoaderDelegate.java:68)
	at org.springframework.test.context.DefaultCacheAwareContextLoaderDelegate.loadContext(DefaultCacheAwareContextLoaderDelegate.java:86)
	... 25 more
Caused by: org.springframework.beans.NotWritablePropertyException: Invalid property 'sqlSessionFactory' of bean class [com.honlly.mybatis.interceptor.BackIDInterceptor]: Bean property 'sqlSessionFactory' is not writable or has an invalid setter method. Does the parameter type of the setter match the return type of the getter?
	at org.springframework.beans.BeanWrapperImpl.setPropertyValue(BeanWrapperImpl.java:1076)
	at org.springframework.beans.BeanWrapperImpl.setPropertyValue(BeanWrapperImpl.java:927)
	at org.springframework.beans.AbstractPropertyAccessor.setPropertyValues(AbstractPropertyAccessor.java:95)
	at org.springframework.beans.AbstractPropertyAccessor.setPropertyValues(AbstractPropertyAccessor.java:75)
	at org.springframework.beans.factory.support.AbstractAutowireCapableBeanFactory.applyPropertyValues(AbstractAutowireCapableBeanFactory.java:1510)
	... 41 more
2016-03-18 14:28:55 501 INFO  [main] [DefaultTestContextBootstrapper:256] Loaded default TestExecutionListener class names from location [META-INF/spring.factories]: [org.springframework.test.context.web.ServletTestExecutionListener, org.springframework.test.context.support.DependencyInjectionTestExecutionListener, org.springframework.test.context.support.DirtiesContextTestExecutionListener, org.springframework.test.context.transaction.TransactionalTestExecutionListener, org.springframework.test.context.jdbc.SqlScriptsTestExecutionListener]
2016-03-18 14:28:55 513 INFO  [main] [DefaultTestContextBootstrapper:204] Could not instantiate TestExecutionListener [org.springframework.test.context.web.ServletTestExecutionListener]. Specify custom listener classes or make the default listener classes (and their required dependencies) available. Offending class: [javax/servlet/ServletContext]
2016-03-18 14:28:55 531 INFO  [main] [DefaultTestContextBootstrapper:182] Using TestExecutionListeners: [org.springframework.test.context.support.DependencyInjectionTestExecutionListener@5dd6264, org.springframework.test.context.support.DirtiesContextTestExecutionListener@1ffe63b9, org.springframework.test.context.transaction.TransactionalTestExecutionListener@51e5fc98, org.springframework.test.context.jdbc.SqlScriptsTestExecutionListener@7c469c48]
2016-03-18 14:28:55 697 INFO  [main] [XmlBeanDefinitionReader:317] Loading XML bean definitions from file [/Users/kwang89/git/Test/honlly-mybatis-parent/honlly-mybatis/target/classes/spring/basic-spring.xml]
2016-03-18 14:28:55 929 INFO  [main] [XmlBeanDefinitionReader:317] Loading XML bean definitions from file [/Users/kwang89/git/Test/honlly-mybatis-parent/honlly-mybatis/target/classes/spring/mybatis-spring.xml]
2016-03-18 14:28:56 033 INFO  [main] [GenericApplicationContext:510] Refreshing org.springframework.context.support.GenericApplicationContext@27ce24aa: startup date [Fri Mar 18 14:28:56 CST 2016]; root of context hierarchy
2016-03-18 14:28:56 140 INFO  [main] [PropertySourcesPlaceholderConfigurer:172] Loading properties file from class path resource [mybatis.properties]
2016-03-18 14:28:57 109 DEBUG [main] [OracleSimpleSqlBuilder:55] INSERT INTO CUST_MESSAGE_WAIT_SEND(total_phone_number, mobile_phones, accept_time, checked, remark, source, id, send_num, content, status) VALUES(#{totalPhoneNumber,jdbcType=NUMERIC}, #{mobilePhones,jdbcType=VARCHAR}, #{acceptTime,jdbcType=DATE}, #{checked,jdbcType=NUMERIC}, #{remark,jdbcType=VARCHAR}, #{source,jdbcType=VARCHAR}, SEQ_CUST_MESSAGE_WAIT_SEND.NEXTVAL,#{sendNum,jdbcType=NUMERIC}, #{content,jdbcType=VARCHAR}, #{status,jdbcType=NUMERIC})
2016-03-18 14:28:58 031 DEBUG [main] [save:142] ==>  Preparing: INSERT INTO CUST_MESSAGE_WAIT_SEND(total_phone_number, mobile_phones, accept_time, checked, remark, source, id, send_num, content, status) VALUES(?, ?, ?, ?, ?, ?, SEQ_CUST_MESSAGE_WAIT_SEND.NEXTVAL,?, ?, ?) 
2016-03-18 14:28:58 262 DEBUG [main] [save:142] ==> Parameters: 1(BigDecimal), 13646874892(String), 2016-03-18(Date), 1(BigDecimal), 备注(String), 110(String), 1(BigDecimal), 哈哈,测试,傻白甜！！！(String), 1(BigDecimal)
2016-03-18 14:28:58 280 DEBUG [main] [save:142] <==    Updates: 1
2016-03-18 18:42:04 073 INFO  [main] [DefaultTestContextBootstrapper:256] Loaded default TestExecutionListener class names from location [META-INF/spring.factories]: [org.springframework.test.context.web.ServletTestExecutionListener, org.springframework.test.context.support.DependencyInjectionTestExecutionListener, org.springframework.test.context.support.DirtiesContextTestExecutionListener, org.springframework.test.context.transaction.TransactionalTestExecutionListener, org.springframework.test.context.jdbc.SqlScriptsTestExecutionListener]
2016-03-18 18:42:04 091 INFO  [main] [DefaultTestContextBootstrapper:204] Could not instantiate TestExecutionListener [org.springframework.test.context.web.ServletTestExecutionListener]. Specify custom listener classes or make the default listener classes (and their required dependencies) available. Offending class: [javax/servlet/ServletContext]
2016-03-18 18:42:04 124 INFO  [main] [DefaultTestContextBootstrapper:182] Using TestExecutionListeners: [org.springframework.test.context.support.DependencyInjectionTestExecutionListener@5dd6264, org.springframework.test.context.support.DirtiesContextTestExecutionListener@1ffe63b9, org.springframework.test.context.transaction.TransactionalTestExecutionListener@51e5fc98, org.springframework.test.context.jdbc.SqlScriptsTestExecutionListener@7c469c48]
2016-03-18 18:42:04 361 INFO  [main] [XmlBeanDefinitionReader:317] Loading XML bean definitions from file [/Users/kwang89/git/Test/honlly-mybatis-parent/honlly-mybatis/target/classes/spring/basic-spring.xml]
2016-03-18 18:42:04 644 INFO  [main] [XmlBeanDefinitionReader:317] Loading XML bean definitions from file [/Users/kwang89/git/Test/honlly-mybatis-parent/honlly-mybatis/target/classes/spring/mybatis-spring.xml]
2016-03-18 18:42:04 759 INFO  [main] [GenericApplicationContext:510] Refreshing org.springframework.context.support.GenericApplicationContext@27ce24aa: startup date [Fri Mar 18 18:42:04 CST 2016]; root of context hierarchy
2016-03-18 18:42:04 886 INFO  [main] [PropertySourcesPlaceholderConfigurer:172] Loading properties file from class path resource [mybatis.properties]
2016-03-18 18:42:05 954 DEBUG [main] [OracleSimpleSqlBuilder:55] INSERT INTO CUST_MESSAGE_WAIT_SEND(total_phone_number, mobile_phones, accept_time, checked, remark, source, id, send_num, content, status) VALUES(#{totalPhoneNumber,jdbcType=NUMERIC}, #{mobilePhones,jdbcType=VARCHAR}, #{acceptTime,jdbcType=DATE}, #{checked,jdbcType=NUMERIC}, #{remark,jdbcType=VARCHAR}, #{source,jdbcType=VARCHAR}, SEQ_CUST_MESSAGE_WAIT_SEND.NEXTVAL,#{sendNum,jdbcType=NUMERIC}, #{content,jdbcType=VARCHAR}, #{status,jdbcType=NUMERIC})
2016-03-18 18:42:06 829 DEBUG [main] [save:142] ==>  Preparing: INSERT INTO CUST_MESSAGE_WAIT_SEND(total_phone_number, mobile_phones, accept_time, checked, remark, source, id, send_num, content, status) VALUES(?, ?, ?, ?, ?, ?, SEQ_CUST_MESSAGE_WAIT_SEND.NEXTVAL,?, ?, ?) 
2016-03-18 18:42:07 052 DEBUG [main] [save:142] ==> Parameters: 1(BigDecimal), 13646874892(String), 2016-03-18(Date), 1(BigDecimal), 备注(String), 110(String), 1(BigDecimal), 哈哈,测试,傻白甜！！！(String), 1(BigDecimal)
2016-03-18 18:42:07 066 DEBUG [main] [save:142] <==    Updates: 1
2016-03-18 18:52:14 557 INFO  [main] [DefaultTestContextBootstrapper:256] Loaded default TestExecutionListener class names from location [META-INF/spring.factories]: [org.springframework.test.context.web.ServletTestExecutionListener, org.springframework.test.context.support.DependencyInjectionTestExecutionListener, org.springframework.test.context.support.DirtiesContextTestExecutionListener, org.springframework.test.context.transaction.TransactionalTestExecutionListener, org.springframework.test.context.jdbc.SqlScriptsTestExecutionListener]
2016-03-18 18:52:14 586 INFO  [main] [DefaultTestContextBootstrapper:204] Could not instantiate TestExecutionListener [org.springframework.test.context.web.ServletTestExecutionListener]. Specify custom listener classes or make the default listener classes (and their required dependencies) available. Offending class: [javax/servlet/ServletContext]
2016-03-18 18:52:14 611 INFO  [main] [DefaultTestContextBootstrapper:182] Using TestExecutionListeners: [org.springframework.test.context.support.DependencyInjectionTestExecutionListener@5dd6264, org.springframework.test.context.support.DirtiesContextTestExecutionListener@1ffe63b9, org.springframework.test.context.transaction.TransactionalTestExecutionListener@51e5fc98, org.springframework.test.context.jdbc.SqlScriptsTestExecutionListener@7c469c48]
2016-03-18 18:52:14 793 INFO  [main] [XmlBeanDefinitionReader:317] Loading XML bean definitions from file [/Users/kwang89/git/Test/honlly-mybatis-parent/honlly-mybatis/target/classes/spring/basic-spring.xml]
2016-03-18 18:52:15 028 INFO  [main] [XmlBeanDefinitionReader:317] Loading XML bean definitions from file [/Users/kwang89/git/Test/honlly-mybatis-parent/honlly-mybatis/target/classes/spring/mybatis-spring.xml]
2016-03-18 18:52:15 124 INFO  [main] [GenericApplicationContext:510] Refreshing org.springframework.context.support.GenericApplicationContext@27ce24aa: startup date [Fri Mar 18 18:52:15 CST 2016]; root of context hierarchy
2016-03-18 18:52:15 235 INFO  [main] [PropertySourcesPlaceholderConfigurer:172] Loading properties file from class path resource [mybatis.properties]
2016-03-18 18:52:16 161 DEBUG [main] [OracleSimpleSqlBuilder:55] INSERT INTO CUST_MESSAGE_WAIT_SEND(total_phone_number, mobile_phones, accept_time, checked, remark, source, id, send_num, content, status) VALUES(#{totalPhoneNumber,jdbcType=NUMERIC}, #{mobilePhones,jdbcType=VARCHAR}, #{acceptTime,jdbcType=DATE}, #{checked,jdbcType=NUMERIC}, #{remark,jdbcType=VARCHAR}, #{source,jdbcType=VARCHAR}, SEQ_CUST_MESSAGE_WAIT_SEND.NEXTVAL,#{sendNum,jdbcType=NUMERIC}, #{content,jdbcType=VARCHAR}, #{status,jdbcType=NUMERIC})
2016-03-18 18:52:17 051 DEBUG [main] [save:142] ==>  Preparing: INSERT INTO CUST_MESSAGE_WAIT_SEND(total_phone_number, mobile_phones, accept_time, checked, remark, source, id, send_num, content, status) VALUES(?, ?, ?, ?, ?, ?, SEQ_CUST_MESSAGE_WAIT_SEND.NEXTVAL,?, ?, ?) 
2016-03-18 18:52:17 275 DEBUG [main] [save:142] ==> Parameters: 1(BigDecimal), 13646874892(String), 2016-03-18(Date), 1(BigDecimal), 备注(String), 110(String), 1(BigDecimal), 哈哈,测试,傻白甜！！！(String), 1(BigDecimal)
2016-03-18 18:52:17 288 DEBUG [main] [save:142] <==    Updates: 1
2016-03-18 18:52:17 297 INFO  [Thread-1] [GenericApplicationContext:862] Closing org.springframework.context.support.GenericApplicationContext@27ce24aa: startup date [Fri Mar 18 18:52:15 CST 2016]; root of context hierarchy
2016-03-18 18:53:34 866 INFO  [main] [DefaultTestContextBootstrapper:256] Loaded default TestExecutionListener class names from location [META-INF/spring.factories]: [org.springframework.test.context.web.ServletTestExecutionListener, org.springframework.test.context.support.DependencyInjectionTestExecutionListener, org.springframework.test.context.support.DirtiesContextTestExecutionListener, org.springframework.test.context.transaction.TransactionalTestExecutionListener, org.springframework.test.context.jdbc.SqlScriptsTestExecutionListener]
2016-03-18 18:53:34 879 INFO  [main] [DefaultTestContextBootstrapper:204] Could not instantiate TestExecutionListener [org.springframework.test.context.web.ServletTestExecutionListener]. Specify custom listener classes or make the default listener classes (and their required dependencies) available. Offending class: [javax/servlet/ServletContext]
2016-03-18 18:53:34 901 INFO  [main] [DefaultTestContextBootstrapper:182] Using TestExecutionListeners: [org.springframework.test.context.support.DependencyInjectionTestExecutionListener@5dd6264, org.springframework.test.context.support.DirtiesContextTestExecutionListener@1ffe63b9, org.springframework.test.context.transaction.TransactionalTestExecutionListener@51e5fc98, org.springframework.test.context.jdbc.SqlScriptsTestExecutionListener@7c469c48]
2016-03-18 18:53:35 083 INFO  [main] [XmlBeanDefinitionReader:317] Loading XML bean definitions from file [/Users/kwang89/git/Test/honlly-mybatis-parent/honlly-mybatis/target/classes/spring/basic-spring.xml]
2016-03-18 18:53:35 287 INFO  [main] [XmlBeanDefinitionReader:317] Loading XML bean definitions from file [/Users/kwang89/git/Test/honlly-mybatis-parent/honlly-mybatis/target/classes/spring/mybatis-spring.xml]
2016-03-18 18:53:35 395 INFO  [main] [GenericApplicationContext:510] Refreshing org.springframework.context.support.GenericApplicationContext@27ce24aa: startup date [Fri Mar 18 18:53:35 CST 2016]; root of context hierarchy
2016-03-18 18:53:35 549 INFO  [main] [PropertySourcesPlaceholderConfigurer:172] Loading properties file from class path resource [mybatis.properties]
2016-03-18 18:53:36 409 DEBUG [main] [OracleSimpleSqlBuilder:55] INSERT INTO CUST_MESSAGE_WAIT_SEND(total_phone_number, mobile_phones, accept_time, checked, remark, source, id, send_num, content, status) VALUES(#{totalPhoneNumber,jdbcType=NUMERIC}, #{mobilePhones,jdbcType=VARCHAR}, #{acceptTime,jdbcType=DATE}, #{checked,jdbcType=NUMERIC}, #{remark,jdbcType=VARCHAR}, #{source,jdbcType=VARCHAR}, SEQ_CUST_MESSAGE_WAIT_SEND.NEXTVAL,#{sendNum,jdbcType=NUMERIC}, #{content,jdbcType=VARCHAR}, #{status,jdbcType=NUMERIC})
2016-03-18 18:53:37 208 DEBUG [main] [save:142] ==>  Preparing: INSERT INTO CUST_MESSAGE_WAIT_SEND(total_phone_number, mobile_phones, accept_time, checked, remark, source, id, send_num, content, status) VALUES(?, ?, ?, ?, ?, ?, SEQ_CUST_MESSAGE_WAIT_SEND.NEXTVAL,?, ?, ?) 
2016-03-18 18:53:37 433 DEBUG [main] [save:142] ==> Parameters: 1(BigDecimal), 13646874892(String), 2016-03-18(Date), 1(BigDecimal), 备注(String), 110(String), 1(BigDecimal), 哈哈,测试,傻白甜！！！(String), 1(BigDecimal)
2016-03-18 18:53:37 443 DEBUG [main] [save:142] <==    Updates: 1
2016-03-18 18:53:37 452 INFO  [Thread-1] [GenericApplicationContext:862] Closing org.springframework.context.support.GenericApplicationContext@27ce24aa: startup date [Fri Mar 18 18:53:35 CST 2016]; root of context hierarchy
2016-03-18 18:54:32 091 INFO  [main] [DefaultTestContextBootstrapper:256] Loaded default TestExecutionListener class names from location [META-INF/spring.factories]: [org.springframework.test.context.web.ServletTestExecutionListener, org.springframework.test.context.support.DependencyInjectionTestExecutionListener, org.springframework.test.context.support.DirtiesContextTestExecutionListener, org.springframework.test.context.transaction.TransactionalTestExecutionListener, org.springframework.test.context.jdbc.SqlScriptsTestExecutionListener]
2016-03-18 18:54:32 105 INFO  [main] [DefaultTestContextBootstrapper:204] Could not instantiate TestExecutionListener [org.springframework.test.context.web.ServletTestExecutionListener]. Specify custom listener classes or make the default listener classes (and their required dependencies) available. Offending class: [javax/servlet/ServletContext]
2016-03-18 18:54:32 122 INFO  [main] [DefaultTestContextBootstrapper:182] Using TestExecutionListeners: [org.springframework.test.context.support.DependencyInjectionTestExecutionListener@5dd6264, org.springframework.test.context.support.DirtiesContextTestExecutionListener@1ffe63b9, org.springframework.test.context.transaction.TransactionalTestExecutionListener@51e5fc98, org.springframework.test.context.jdbc.SqlScriptsTestExecutionListener@7c469c48]
2016-03-18 18:54:32 295 INFO  [main] [XmlBeanDefinitionReader:317] Loading XML bean definitions from file [/Users/kwang89/git/Test/honlly-mybatis-parent/honlly-mybatis/target/classes/spring/basic-spring.xml]
2016-03-18 18:54:32 519 INFO  [main] [XmlBeanDefinitionReader:317] Loading XML bean definitions from file [/Users/kwang89/git/Test/honlly-mybatis-parent/honlly-mybatis/target/classes/spring/mybatis-spring.xml]
2016-03-18 18:54:32 619 INFO  [main] [GenericApplicationContext:510] Refreshing org.springframework.context.support.GenericApplicationContext@27ce24aa: startup date [Fri Mar 18 18:54:32 CST 2016]; root of context hierarchy
2016-03-18 18:54:32 726 INFO  [main] [PropertySourcesPlaceholderConfigurer:172] Loading properties file from class path resource [mybatis.properties]
2016-03-18 18:54:33 579 DEBUG [main] [OracleSimpleSqlBuilder:55] INSERT INTO CUST_MESSAGE_WAIT_SEND(total_phone_number, mobile_phones, accept_time, checked, remark, source, id, send_num, content, status) VALUES(#{totalPhoneNumber,jdbcType=NUMERIC}, #{mobilePhones,jdbcType=VARCHAR}, #{acceptTime,jdbcType=DATE}, #{checked,jdbcType=NUMERIC}, #{remark,jdbcType=VARCHAR}, #{source,jdbcType=VARCHAR}, SEQ_CUST_MESSAGE_WAIT_SEND.NEXTVAL,#{sendNum,jdbcType=NUMERIC}, #{content,jdbcType=VARCHAR}, #{status,jdbcType=NUMERIC})
2016-03-18 18:54:34 415 DEBUG [main] [save:142] ==>  Preparing: INSERT INTO CUST_MESSAGE_WAIT_SEND(total_phone_number, mobile_phones, accept_time, checked, remark, source, id, send_num, content, status) VALUES(?, ?, ?, ?, ?, ?, SEQ_CUST_MESSAGE_WAIT_SEND.NEXTVAL,?, ?, ?) 
2016-03-18 18:54:34 648 DEBUG [main] [save:142] ==> Parameters: 1(BigDecimal), 13646874892(String), 2016-03-18(Date), 1(BigDecimal), 备注(String), 110(String), 1(BigDecimal), 哈哈,测试,傻白甜！！！(String), 1(BigDecimal)
2016-03-18 18:54:34 675 DEBUG [main] [save:142] <==    Updates: 1
2016-03-18 18:54:34 683 INFO  [Thread-1] [GenericApplicationContext:862] Closing org.springframework.context.support.GenericApplicationContext@27ce24aa: startup date [Fri Mar 18 18:54:32 CST 2016]; root of context hierarchy
2016-03-18 18:56:52 196 INFO  [main] [DefaultTestContextBootstrapper:256] Loaded default TestExecutionListener class names from location [META-INF/spring.factories]: [org.springframework.test.context.web.ServletTestExecutionListener, org.springframework.test.context.support.DependencyInjectionTestExecutionListener, org.springframework.test.context.support.DirtiesContextTestExecutionListener, org.springframework.test.context.transaction.TransactionalTestExecutionListener, org.springframework.test.context.jdbc.SqlScriptsTestExecutionListener]
2016-03-18 18:56:52 208 INFO  [main] [DefaultTestContextBootstrapper:204] Could not instantiate TestExecutionListener [org.springframework.test.context.web.ServletTestExecutionListener]. Specify custom listener classes or make the default listener classes (and their required dependencies) available. Offending class: [javax/servlet/ServletContext]
2016-03-18 18:56:52 238 INFO  [main] [DefaultTestContextBootstrapper:182] Using TestExecutionListeners: [org.springframework.test.context.support.DependencyInjectionTestExecutionListener@1a04f701, org.springframework.test.context.support.DirtiesContextTestExecutionListener@4e91d63f, org.springframework.test.context.transaction.TransactionalTestExecutionListener@d4342c2, org.springframework.test.context.jdbc.SqlScriptsTestExecutionListener@2bbf180e]
2016-03-18 18:56:52 406 INFO  [main] [XmlBeanDefinitionReader:317] Loading XML bean definitions from file [/Users/kwang89/git/Test/honlly-mybatis-parent/honlly-mybatis/target/classes/spring/basic-spring.xml]
2016-03-18 18:56:52 652 INFO  [main] [XmlBeanDefinitionReader:317] Loading XML bean definitions from file [/Users/kwang89/git/Test/honlly-mybatis-parent/honlly-mybatis/target/classes/spring/mybatis-spring.xml]
2016-03-18 18:56:52 747 INFO  [main] [GenericApplicationContext:510] Refreshing org.springframework.context.support.GenericApplicationContext@4ac3c60d: startup date [Fri Mar 18 18:56:52 CST 2016]; root of context hierarchy
2016-03-18 18:56:52 860 INFO  [main] [PropertySourcesPlaceholderConfigurer:172] Loading properties file from class path resource [mybatis.properties]
2016-03-18 18:56:53 637 DEBUG [main] [OracleSimpleSqlBuilder:55] INSERT INTO CUST_MESSAGE_WAIT_SEND(total_phone_number, mobile_phones, accept_time, checked, remark, source, id, send_num, content, status) VALUES(#{totalPhoneNumber,jdbcType=NUMERIC}, #{mobilePhones,jdbcType=VARCHAR}, #{acceptTime,jdbcType=DATE}, #{checked,jdbcType=NUMERIC}, #{remark,jdbcType=VARCHAR}, #{source,jdbcType=VARCHAR}, SEQ_CUST_MESSAGE_WAIT_SEND.NEXTVAL,#{sendNum,jdbcType=NUMERIC}, #{content,jdbcType=VARCHAR}, #{status,jdbcType=NUMERIC})
2016-03-18 18:56:54 431 DEBUG [main] [save:142] ==>  Preparing: INSERT INTO CUST_MESSAGE_WAIT_SEND(total_phone_number, mobile_phones, accept_time, checked, remark, source, id, send_num, content, status) VALUES(?, ?, ?, ?, ?, ?, SEQ_CUST_MESSAGE_WAIT_SEND.NEXTVAL,?, ?, ?) 
2016-03-18 18:56:54 645 DEBUG [main] [save:142] ==> Parameters: 1(BigDecimal), 13646874892(String), 2016-03-18(Date), 1(BigDecimal), 备注(String), 110(String), 1(BigDecimal), 哈哈,测试,傻白甜！！！(String), 1(BigDecimal)
2016-03-18 18:56:54 658 DEBUG [main] [save:142] <==    Updates: 1
2016-03-18 18:59:13 119 INFO  [Thread-1] [GenericApplicationContext:862] Closing org.springframework.context.support.GenericApplicationContext@4ac3c60d: startup date [Fri Mar 18 18:56:52 CST 2016]; root of context hierarchy
2016-03-18 19:18:27 713 INFO  [main] [DefaultTestContextBootstrapper:256] Loaded default TestExecutionListener class names from location [META-INF/spring.factories]: [org.springframework.test.context.web.ServletTestExecutionListener, org.springframework.test.context.support.DependencyInjectionTestExecutionListener, org.springframework.test.context.support.DirtiesContextTestExecutionListener, org.springframework.test.context.transaction.TransactionalTestExecutionListener, org.springframework.test.context.jdbc.SqlScriptsTestExecutionListener]
2016-03-18 19:18:27 727 INFO  [main] [DefaultTestContextBootstrapper:204] Could not instantiate TestExecutionListener [org.springframework.test.context.web.ServletTestExecutionListener]. Specify custom listener classes or make the default listener classes (and their required dependencies) available. Offending class: [javax/servlet/ServletContext]
2016-03-18 19:18:27 751 INFO  [main] [DefaultTestContextBootstrapper:182] Using TestExecutionListeners: [org.springframework.test.context.support.DependencyInjectionTestExecutionListener@5dd6264, org.springframework.test.context.support.DirtiesContextTestExecutionListener@1ffe63b9, org.springframework.test.context.transaction.TransactionalTestExecutionListener@51e5fc98, org.springframework.test.context.jdbc.SqlScriptsTestExecutionListener@7c469c48]
2016-03-18 19:18:27 947 INFO  [main] [XmlBeanDefinitionReader:317] Loading XML bean definitions from file [/Users/kwang89/git/Test/honlly-mybatis-parent/honlly-mybatis/target/classes/spring/basic-spring.xml]
2016-03-18 19:18:28 207 INFO  [main] [XmlBeanDefinitionReader:317] Loading XML bean definitions from file [/Users/kwang89/git/Test/honlly-mybatis-parent/honlly-mybatis/target/classes/spring/mybatis-spring.xml]
2016-03-18 19:18:28 314 INFO  [main] [GenericApplicationContext:510] Refreshing org.springframework.context.support.GenericApplicationContext@27ce24aa: startup date [Fri Mar 18 19:18:28 CST 2016]; root of context hierarchy
2016-03-18 19:18:28 422 INFO  [main] [PropertySourcesPlaceholderConfigurer:172] Loading properties file from class path resource [mybatis.properties]
2016-03-18 19:18:29 309 DEBUG [main] [OracleSimpleSqlBuilder:55] INSERT INTO CUST_MESSAGE_WAIT_SEND(total_phone_number, mobile_phones, accept_time, checked, remark, source, id, send_num, content, status) VALUES(#{totalPhoneNumber,jdbcType=NUMERIC}, #{mobilePhones,jdbcType=VARCHAR}, #{acceptTime,jdbcType=DATE}, #{checked,jdbcType=NUMERIC}, #{remark,jdbcType=VARCHAR}, #{source,jdbcType=VARCHAR}, SEQ_CUST_MESSAGE_WAIT_SEND.NEXTVAL,#{sendNum,jdbcType=NUMERIC}, #{content,jdbcType=VARCHAR}, #{status,jdbcType=NUMERIC})
2016-03-18 19:18:30 127 DEBUG [main] [save:142] ==>  Preparing: INSERT INTO CUST_MESSAGE_WAIT_SEND(total_phone_number, mobile_phones, accept_time, checked, remark, source, id, send_num, content, status) VALUES(?, ?, ?, ?, ?, ?, SEQ_CUST_MESSAGE_WAIT_SEND.NEXTVAL,?, ?, ?) 
2016-03-18 19:18:30 360 DEBUG [main] [save:142] ==> Parameters: 1(BigDecimal), 13646874892(String), 2016-03-18(Date), 1(BigDecimal), 备注(String), 110(String), 1(BigDecimal), 哈哈,测试,傻白甜！！！(String), 1(BigDecimal)
2016-03-18 19:18:30 371 DEBUG [main] [save:142] <==    Updates: 1
2016-03-18 19:18:30 379 DEBUG [main] [execute:142] ==>  Preparing: SELECT LAST_NUMBER-INCREMENT_BY AS MAXID FROM USER_SEQUENCES WHERE SEQUENCE_NAME='SEQ_CUST_MESSAGE_WAIT_SEND' 
2016-03-18 19:18:30 379 DEBUG [main] [execute:142] ==> Parameters: 
2016-03-18 19:18:30 499 DEBUG [main] [execute:142] <==      Total: 1
2016-03-18 19:18:30 508 INFO  [Thread-1] [GenericApplicationContext:862] Closing org.springframework.context.support.GenericApplicationContext@27ce24aa: startup date [Fri Mar 18 19:18:28 CST 2016]; root of context hierarchy
2016-03-18 19:19:04 438 INFO  [main] [DefaultTestContextBootstrapper:256] Loaded default TestExecutionListener class names from location [META-INF/spring.factories]: [org.springframework.test.context.web.ServletTestExecutionListener, org.springframework.test.context.support.DependencyInjectionTestExecutionListener, org.springframework.test.context.support.DirtiesContextTestExecutionListener, org.springframework.test.context.transaction.TransactionalTestExecutionListener, org.springframework.test.context.jdbc.SqlScriptsTestExecutionListener]
2016-03-18 19:19:04 458 INFO  [main] [DefaultTestContextBootstrapper:204] Could not instantiate TestExecutionListener [org.springframework.test.context.web.ServletTestExecutionListener]. Specify custom listener classes or make the default listener classes (and their required dependencies) available. Offending class: [javax/servlet/ServletContext]
2016-03-18 19:19:04 479 INFO  [main] [DefaultTestContextBootstrapper:182] Using TestExecutionListeners: [org.springframework.test.context.support.DependencyInjectionTestExecutionListener@5dd6264, org.springframework.test.context.support.DirtiesContextTestExecutionListener@1ffe63b9, org.springframework.test.context.transaction.TransactionalTestExecutionListener@51e5fc98, org.springframework.test.context.jdbc.SqlScriptsTestExecutionListener@7c469c48]
2016-03-18 19:19:04 685 INFO  [main] [XmlBeanDefinitionReader:317] Loading XML bean definitions from file [/Users/kwang89/git/Test/honlly-mybatis-parent/honlly-mybatis/target/classes/spring/basic-spring.xml]
2016-03-18 19:19:04 909 INFO  [main] [XmlBeanDefinitionReader:317] Loading XML bean definitions from file [/Users/kwang89/git/Test/honlly-mybatis-parent/honlly-mybatis/target/classes/spring/mybatis-spring.xml]
2016-03-18 19:19:05 024 INFO  [main] [GenericApplicationContext:510] Refreshing org.springframework.context.support.GenericApplicationContext@27ce24aa: startup date [Fri Mar 18 19:19:05 CST 2016]; root of context hierarchy
2016-03-18 19:19:05 152 INFO  [main] [PropertySourcesPlaceholderConfigurer:172] Loading properties file from class path resource [mybatis.properties]
2016-03-18 19:19:06 023 DEBUG [main] [OracleSimpleSqlBuilder:55] INSERT INTO CUST_MESSAGE_WAIT_SEND(total_phone_number, mobile_phones, accept_time, checked, remark, source, id, send_num, content, status) VALUES(#{totalPhoneNumber,jdbcType=NUMERIC}, #{mobilePhones,jdbcType=VARCHAR}, #{acceptTime,jdbcType=DATE}, #{checked,jdbcType=NUMERIC}, #{remark,jdbcType=VARCHAR}, #{source,jdbcType=VARCHAR}, SEQ_CUST_MESSAGE_WAIT_SEND.NEXTVAL,#{sendNum,jdbcType=NUMERIC}, #{content,jdbcType=VARCHAR}, #{status,jdbcType=NUMERIC})
2016-03-18 19:19:06 783 DEBUG [main] [save:142] ==>  Preparing: INSERT INTO CUST_MESSAGE_WAIT_SEND(total_phone_number, mobile_phones, accept_time, checked, remark, source, id, send_num, content, status) VALUES(?, ?, ?, ?, ?, ?, SEQ_CUST_MESSAGE_WAIT_SEND.NEXTVAL,?, ?, ?) 
2016-03-18 19:19:07 019 DEBUG [main] [save:142] ==> Parameters: 1(BigDecimal), 13646874892(String), 2016-03-18(Date), 1(BigDecimal), 备注(String), 110(String), 1(BigDecimal), 哈哈,测试,傻白甜！！！(String), 1(BigDecimal)
2016-03-18 19:19:07 040 DEBUG [main] [save:142] <==    Updates: 1
2016-03-18 19:19:07 048 DEBUG [main] [execute:142] ==>  Preparing: SELECT LAST_NUMBER-INCREMENT_BY AS MAXID FROM USER_SEQUENCES WHERE SEQUENCE_NAME='SEQ_CUST_MESSAGE_WAIT_SEND' 
2016-03-18 19:19:07 048 DEBUG [main] [execute:142] ==> Parameters: 
2016-03-18 19:19:07 165 DEBUG [main] [execute:142] <==      Total: 1
2016-03-18 19:22:13 692 INFO  [main] [DefaultTestContextBootstrapper:256] Loaded default TestExecutionListener class names from location [META-INF/spring.factories]: [org.springframework.test.context.web.ServletTestExecutionListener, org.springframework.test.context.support.DependencyInjectionTestExecutionListener, org.springframework.test.context.support.DirtiesContextTestExecutionListener, org.springframework.test.context.transaction.TransactionalTestExecutionListener, org.springframework.test.context.jdbc.SqlScriptsTestExecutionListener]
2016-03-18 19:22:13 703 INFO  [main] [DefaultTestContextBootstrapper:204] Could not instantiate TestExecutionListener [org.springframework.test.context.web.ServletTestExecutionListener]. Specify custom listener classes or make the default listener classes (and their required dependencies) available. Offending class: [javax/servlet/ServletContext]
2016-03-18 19:22:13 722 INFO  [main] [DefaultTestContextBootstrapper:182] Using TestExecutionListeners: [org.springframework.test.context.support.DependencyInjectionTestExecutionListener@5dd6264, org.springframework.test.context.support.DirtiesContextTestExecutionListener@1ffe63b9, org.springframework.test.context.transaction.TransactionalTestExecutionListener@51e5fc98, org.springframework.test.context.jdbc.SqlScriptsTestExecutionListener@7c469c48]
2016-03-18 19:22:13 875 INFO  [main] [XmlBeanDefinitionReader:317] Loading XML bean definitions from file [/Users/kwang89/git/Test/honlly-mybatis-parent/honlly-mybatis/target/classes/spring/basic-spring.xml]
2016-03-18 19:22:14 118 INFO  [main] [XmlBeanDefinitionReader:317] Loading XML bean definitions from file [/Users/kwang89/git/Test/honlly-mybatis-parent/honlly-mybatis/target/classes/spring/mybatis-spring.xml]
2016-03-18 19:22:14 203 INFO  [main] [GenericApplicationContext:510] Refreshing org.springframework.context.support.GenericApplicationContext@27ce24aa: startup date [Fri Mar 18 19:22:14 CST 2016]; root of context hierarchy
2016-03-18 19:22:14 298 INFO  [main] [PropertySourcesPlaceholderConfigurer:172] Loading properties file from class path resource [mybatis.properties]
2016-03-18 19:22:15 218 DEBUG [main] [OracleSimpleSqlBuilder:55] INSERT INTO CUST_MESSAGE_WAIT_SEND(total_phone_number, mobile_phones, accept_time, checked, remark, source, id, send_num, content, status) VALUES(#{totalPhoneNumber,jdbcType=NUMERIC}, #{mobilePhones,jdbcType=VARCHAR}, #{acceptTime,jdbcType=DATE}, #{checked,jdbcType=NUMERIC}, #{remark,jdbcType=VARCHAR}, #{source,jdbcType=VARCHAR}, SEQ_CUST_MESSAGE_WAIT_SEND.NEXTVAL,#{sendNum,jdbcType=NUMERIC}, #{content,jdbcType=VARCHAR}, #{status,jdbcType=NUMERIC})
2016-03-18 19:22:16 246 DEBUG [main] [save:142] ==>  Preparing: INSERT INTO CUST_MESSAGE_WAIT_SEND(total_phone_number, mobile_phones, accept_time, checked, remark, source, id, send_num, content, status) VALUES(?, ?, ?, ?, ?, ?, SEQ_CUST_MESSAGE_WAIT_SEND.NEXTVAL,?, ?, ?) 
2016-03-18 19:22:16 469 DEBUG [main] [save:142] ==> Parameters: 1(BigDecimal), 13646874892(String), 2016-03-18(Date), 1(BigDecimal), 备注(String), 110(String), 1(BigDecimal), 哈哈,测试,傻白甜！！！(String), 1(BigDecimal)
2016-03-18 19:22:16 480 DEBUG [main] [save:142] <==    Updates: 1
2016-03-18 19:24:51 090 INFO  [main] [DefaultTestContextBootstrapper:256] Loaded default TestExecutionListener class names from location [META-INF/spring.factories]: [org.springframework.test.context.web.ServletTestExecutionListener, org.springframework.test.context.support.DependencyInjectionTestExecutionListener, org.springframework.test.context.support.DirtiesContextTestExecutionListener, org.springframework.test.context.transaction.TransactionalTestExecutionListener, org.springframework.test.context.jdbc.SqlScriptsTestExecutionListener]
2016-03-18 19:24:51 103 INFO  [main] [DefaultTestContextBootstrapper:204] Could not instantiate TestExecutionListener [org.springframework.test.context.web.ServletTestExecutionListener]. Specify custom listener classes or make the default listener classes (and their required dependencies) available. Offending class: [javax/servlet/ServletContext]
2016-03-18 19:24:51 125 INFO  [main] [DefaultTestContextBootstrapper:182] Using TestExecutionListeners: [org.springframework.test.context.support.DependencyInjectionTestExecutionListener@5dd6264, org.springframework.test.context.support.DirtiesContextTestExecutionListener@1ffe63b9, org.springframework.test.context.transaction.TransactionalTestExecutionListener@51e5fc98, org.springframework.test.context.jdbc.SqlScriptsTestExecutionListener@7c469c48]
2016-03-18 19:24:51 314 INFO  [main] [XmlBeanDefinitionReader:317] Loading XML bean definitions from file [/Users/kwang89/git/Test/honlly-mybatis-parent/honlly-mybatis/target/classes/spring/basic-spring.xml]
2016-03-18 19:24:51 534 INFO  [main] [XmlBeanDefinitionReader:317] Loading XML bean definitions from file [/Users/kwang89/git/Test/honlly-mybatis-parent/honlly-mybatis/target/classes/spring/mybatis-spring.xml]
2016-03-18 19:24:51 615 INFO  [main] [GenericApplicationContext:510] Refreshing org.springframework.context.support.GenericApplicationContext@27ce24aa: startup date [Fri Mar 18 19:24:51 CST 2016]; root of context hierarchy
2016-03-18 19:24:51 715 INFO  [main] [PropertySourcesPlaceholderConfigurer:172] Loading properties file from class path resource [mybatis.properties]
2016-03-18 19:24:52 516 DEBUG [main] [OracleSimpleSqlBuilder:55] INSERT INTO CUST_MESSAGE_WAIT_SEND(total_phone_number, mobile_phones, accept_time, checked, remark, source, id, send_num, content, status) VALUES(#{totalPhoneNumber,jdbcType=NUMERIC}, #{mobilePhones,jdbcType=VARCHAR}, #{acceptTime,jdbcType=DATE}, #{checked,jdbcType=NUMERIC}, #{remark,jdbcType=VARCHAR}, #{source,jdbcType=VARCHAR}, SEQ_CUST_MESSAGE_WAIT_SEND.NEXTVAL,#{sendNum,jdbcType=NUMERIC}, #{content,jdbcType=VARCHAR}, #{status,jdbcType=NUMERIC})
2016-03-18 19:24:53 521 DEBUG [main] [save:142] ==>  Preparing: INSERT INTO CUST_MESSAGE_WAIT_SEND(total_phone_number, mobile_phones, accept_time, checked, remark, source, id, send_num, content, status) VALUES(?, ?, ?, ?, ?, ?, SEQ_CUST_MESSAGE_WAIT_SEND.NEXTVAL,?, ?, ?) 
2016-03-18 19:24:53 736 DEBUG [main] [save:142] ==> Parameters: 1(BigDecimal), 13646874892(String), 2016-03-18(Date), 1(BigDecimal), 备注(String), 110(String), 1(BigDecimal), 哈哈,测试,傻白甜！！！(String), 1(BigDecimal)
2016-03-18 19:24:53 750 DEBUG [main] [save:142] <==    Updates: 1
2016-03-18 19:25:09 921 DEBUG [main] [execute:142] ==>  Preparing: SELECT LAST_NUMBER-INCREMENT_BY AS MAXID FROM USER_SEQUENCES WHERE SEQUENCE_NAME='SEQ_CUST_MESSAGE_WAIT_SEND' 
2016-03-18 19:25:09 923 DEBUG [main] [execute:142] ==> Parameters: 
2016-03-18 19:25:10 266 DEBUG [main] [execute:142] <==      Total: 1
2016-03-18 19:25:44 277 INFO  [Thread-1] [GenericApplicationContext:862] Closing org.springframework.context.support.GenericApplicationContext@27ce24aa: startup date [Fri Mar 18 19:24:51 CST 2016]; root of context hierarchy
